\BOOKMARK [1][-]{section.1}{\376\377\000I\000n\000t\000r\000o\000d\000u\000c\000c\000i\000\363}{}% 1
\BOOKMARK [1][-]{section.2}{\376\377\000D\000e\000s\000c\000r\000i\000p\000c\000i\000\363\000\040\000d\000e\000\040\000l\000e\000s\000\040\000C\000l\000a\000s\000s\000e\000s\000\040\000I\000m\000p\000l\000e\000m\000e\000n\000t\000a\000d\000e\000s}{}% 2
\BOOKMARK [2][-]{subsection.2.1}{\376\377\000C\000a\000p\000a\000\040\000d\000e\000\040\000D\000o\000m\000i\000n\000i}{section.2}% 3
\BOOKMARK [3][-]{subsubsection.2.1.1}{\376\377\000C\000l\000a\000s\000s\000e\000\040\000U\000s\000e\000r\000M\000a\000n\000a\000g\000e\000r}{subsection.2.1}% 4
\BOOKMARK [3][-]{subsubsection.2.1.2}{\376\377\000C\000l\000a\000s\000s\000e\000\040\000U\000s\000e\000r\000S\000e\000t}{subsection.2.1}% 5
\BOOKMARK [3][-]{subsubsection.2.1.3}{\376\377\000C\000l\000a\000s\000s\000e\000\040\000U\000s\000e\000r}{subsection.2.1}% 6
\BOOKMARK [3][-]{subsubsection.2.1.4}{\376\377\000C\000l\000a\000s\000s\000e\000\040\000C\000u\000r\000r\000e\000n\000t\000U\000s\000e\000r}{subsection.2.1}% 7
\BOOKMARK [3][-]{subsubsection.2.1.5}{\376\377\000C\000l\000a\000s\000s\000e\000\040\000S\000h\000e\000l\000f}{subsection.2.1}% 8
\BOOKMARK [3][-]{subsubsection.2.1.6}{\376\377\000C\000l\000a\000s\000s\000e\000\040\000S\000i\000m\000i\000l\000a\000r\000i\000t\000y}{subsection.2.1}% 9
\BOOKMARK [3][-]{subsubsection.2.1.7}{\376\377\000C\000l\000a\000s\000s\000e\000\040\000P\000r\000o\000d\000u\000c\000t}{subsection.2.1}% 10
\BOOKMARK [3][-]{subsubsection.2.1.8}{\376\377\000C\000l\000a\000s\000s\000e\000\040\000P\000r\000o\000d\000u\000c\000t\000L\000i\000s\000t}{subsection.2.1}% 11
\BOOKMARK [3][-]{subsubsection.2.1.9}{\376\377\000C\000l\000a\000s\000s\000e\000\040\000P\000r\000o\000d\000u\000c\000t\000M\000a\000n\000a\000g\000e\000r}{subsection.2.1}% 12
\BOOKMARK [3][-]{subsubsection.2.1.10}{\376\377\000C\000l\000a\000s\000s\000e\000\040\000D\000i\000s\000t\000r\000i\000b\000u\000t\000i\000o\000n}{subsection.2.1}% 13
\BOOKMARK [3][-]{subsubsection.2.1.11}{\376\377\000C\000l\000a\000s\000s\000e\000\040\000D\000i\000s\000t\000r\000i\000b\000u\000t\000i\000o\000n\000M\000a\000n\000a\000g\000e\000r}{subsection.2.1}% 14
\BOOKMARK [3][-]{subsubsection.2.1.12}{\376\377\000C\000l\000a\000s\000s\000e\000\040\000A\000b\000s\000t\000r\000a\000c\000t\000A\000l\000g\000o\000r\000i\000t\000h\000m}{subsection.2.1}% 15
\BOOKMARK [3][-]{subsubsection.2.1.13}{\376\377\000C\000l\000a\000s\000s\000e\000\040\000B\000r\000u\000t\000e\000F\000o\000r\000c\000e\000A\000l\000g\000o\000r\000i\000t\000h\000m}{subsection.2.1}% 16
\BOOKMARK [3][-]{subsubsection.2.1.14}{\376\377\000C\000l\000a\000s\000s\000e\000\040\000H\000i\000l\000l\000C\000l\000i\000m\000b\000i\000n\000g\000A\000l\000g\000o\000r\000i\000t\000h\000m}{subsection.2.1}% 17
\BOOKMARK [3][-]{subsubsection.2.1.15}{\376\377\000C\000l\000a\000s\000s\000e\000\040\000I\000n\000p\000u\000t\000M\000a\000n\000a\000g\000e\000r}{subsection.2.1}% 18
\BOOKMARK [3][-]{subsubsection.2.1.16}{\376\377\000C\000l\000a\000s\000s\000e\000\040\000C\000o\000n\000t\000r\000o\000l\000l\000e\000r\000D\000o\000m\000a\000i\000n}{subsection.2.1}% 19
\BOOKMARK [2][-]{subsection.2.2}{\376\377\000C\000a\000p\000a\000\040\000d\000e\000\040\000P\000e\000r\000s\000i\000s\000t\000\350\000n\000c\000i\000a}{section.2}% 20
\BOOKMARK [3][-]{subsubsection.2.2.1}{\376\377\000C\000l\000a\000s\000s\000e\000\040\000C\000o\000n\000t\000r\000o\000l\000l\000e\000r\000P\000e\000r\000s\000i\000s\000t\000e\000n\000c\000e}{subsection.2.2}% 21
\BOOKMARK [3][-]{subsubsection.2.2.2}{\376\377\000C\000l\000a\000s\000s\000e\000\040\000P\000r\000o\000d\000u\000c\000t\000M\000a\000n\000a\000g\000e\000r\000D\000a\000t\000a}{subsection.2.2}% 22
\BOOKMARK [3][-]{subsubsection.2.2.3}{\376\377\000C\000l\000a\000s\000s\000e\000\040\000U\000s\000e\000r\000M\000a\000n\000a\000g\000e\000r\000D\000a\000t\000a}{subsection.2.2}% 23
\BOOKMARK [2][-]{subsection.2.3}{\376\377\000C\000a\000p\000a\000\040\000d\000e\000\040\000P\000r\000e\000s\000e\000n\000t\000a\000c\000i\000\363}{section.2}% 24
\BOOKMARK [3][-]{subsubsection.2.3.1}{\376\377\000C\000l\000a\000s\000s\000e\000\040\000P\000r\000e\000s\000e\000n\000t\000a\000t\000i\000o\000n\000C\000o\000n\000t\000r\000o\000l\000l\000e\000r}{subsection.2.3}% 25
\BOOKMARK [1][-]{section.3}{\376\377\000P\000e\000r\000s\000i\000s\000t\000\350\000n\000c\000i\000a\000\040\000d\000e\000\040\000D\000a\000d\000e\000s}{}% 26
\BOOKMARK [1][-]{section.4}{\376\377\000E\000s\000t\000r\000u\000c\000t\000u\000r\000a\000\040\000d\000e\000\040\000D\000a\000d\000e\000s\000\040\000p\000e\000r\000\040\000C\000l\000a\000s\000s\000e\000s}{}% 27
\BOOKMARK [2][-]{subsection.4.1}{\376\377\000U\000s\000e\000r\000M\000a\000n\000a\000g\000e\000r}{section.4}% 28
\BOOKMARK [2][-]{subsection.4.2}{\376\377\000U\000s\000e\000r\000S\000e\000t}{section.4}% 29
\BOOKMARK [2][-]{subsection.4.3}{\376\377\000P\000r\000o\000d\000u\000c\000t\000M\000a\000n\000a\000g\000e\000r}{section.4}% 30
\BOOKMARK [2][-]{subsection.4.4}{\376\377\000P\000r\000o\000d\000u\000c\000t\000L\000i\000s\000t}{section.4}% 31
\BOOKMARK [2][-]{subsection.4.5}{\376\377\000D\000i\000s\000t\000r\000i\000b\000u\000t\000i\000o\000n}{section.4}% 32
\BOOKMARK [2][-]{subsection.4.6}{\376\377\000C\000o\000n\000t\000r\000o\000l\000l\000e\000r\000D\000o\000m\000a\000i\000n}{section.4}% 33
\BOOKMARK [2][-]{subsection.4.7}{\376\377\000A\000l\000g\000o\000r\000i\000s\000m\000e\000s}{section.4}% 34
\BOOKMARK [1][-]{section.5}{\376\377\000A\000l\000g\000o\000r\000i\000s\000m\000e\000s}{}% 35
\BOOKMARK [2][-]{subsection.5.1}{\376\377\000B\000r\000u\000t\000e\000F\000o\000r\000c\000e\000A\000l\000g\000o\000r\000i\000t\000h\000m}{section.5}% 36
\BOOKMARK [3][-]{subsubsection.5.1.1}{\376\377\000C\000o\000s\000t\000\040\000d\000e\000\040\000B\000r\000u\000t\000e\000F\000o\000r\000c\000e\000A\000l\000g\000o\000r\000i\000t\000h\000m}{subsection.5.1}% 37
\BOOKMARK [3][-]{subsubsection.5.1.2}{\376\377\000P\000s\000e\000u\000d\000o\000c\000o\000d\000i\000\040\000d\000e\000\040\000B\000r\000u\000t\000e\000F\000o\000r\000c\000e\000A\000l\000g\000o\000r\000i\000t\000h\000m}{subsection.5.1}% 38
\BOOKMARK [2][-]{subsection.5.2}{\376\377\000H\000i\000l\000l\000C\000l\000i\000m\000b\000i\000n\000g\000A\000l\000g\000o\000r\000i\000t\000h\000m}{section.5}% 39
\BOOKMARK [3][-]{subsubsection.5.2.1}{\376\377\000C\000o\000s\000t\000\040\000d\000e\000\040\000H\000i\000l\000l\000C\000l\000i\000m\000b\000i\000n\000g\000A\000l\000g\000o\000r\000i\000t\000h\000m}{subsection.5.2}% 40
\BOOKMARK [3][-]{subsubsection.5.2.2}{\376\377\000P\000s\000e\000u\000d\000o\000c\000o\000d\000i\000\040\000d\000e\000\040\000H\000i\000l\000l\000C\000l\000i\000m\000b\000i\000n\000g\000A\000l\000g\000o\000r\000i\000t\000h\000m}{subsection.5.2}% 41
